2024-12-08 22:53:50 [main] INFO  api.test.UserTests -
					************* Creating User **********
2024-12-08 22:53:53 [main] INFO  api.test.UserTests -
					************* User is created **********
2024-12-08 22:53:53 [main] INFO  api.test.UserTests -
					************* Reading User info **********
2024-12-08 22:53:54 [main] INFO  api.test.UserTests -
					************* User info is displayed **********
2024-12-08 22:53:54 [main] INFO  api.test.UserTests -
					************* Updating user **********
2024-12-08 22:53:57 [main] INFO  api.test.UserTests -
					************* User is updated **********
2024-12-08 22:53:57 [main] INFO  api.test.UserTests -
					************* Deleting user **********
2024-12-08 22:53:59 [main] INFO  api.test.UserTests -
					************* User is deleted **********
2024-12-08 22:54:57 [main] INFO  api.test.UserTests -
					************* Creating User **********
2024-12-08 22:55:00 [main] INFO  api.test.UserTests -
					************* User is created **********
2024-12-08 22:55:00 [main] INFO  api.test.UserTests -
					************* Reading User info **********
2024-12-08 22:55:01 [main] INFO  api.test.UserTests -
					************* User info is displayed **********
2024-12-08 22:55:01 [main] INFO  api.test.UserTests -
					************* Updating user **********
2024-12-08 22:55:04 [main] INFO  api.test.UserTests -
					************* User is updated **********
2024-12-08 22:55:04 [main] INFO  api.test.UserTests -
					************* Deleting user **********
2024-12-08 22:55:05 [main] INFO  api.test.UserTests -
					************* User is deleted **********
2024-12-09 23:20:38 [main] INFO  api.test.UserTests -
					************* Creating User **********
2024-12-09 23:20:50 [main] INFO  api.test.UserTests -
					************* Reading User info **********
2024-12-09 23:20:51 [main] INFO  api.test.UserTests -
					************* Updating user **********
2024-12-09 23:20:54 [main] INFO  api.test.UserTests -
					************* User is updated **********
2024-12-09 23:20:54 [main] INFO  api.test.UserTests -
					************* Deleting user **********
2024-12-09 23:21:50 [main] INFO  api.test.UserTests -
					************* Creating User **********
2024-12-09 23:21:54 [main] INFO  api.test.UserTests -
					************* User is created **********
2024-12-09 23:21:54 [main] INFO  api.test.UserTests -
					************* Reading User info **********
2024-12-09 23:21:56 [main] INFO  api.test.UserTests -
					************* User info is displayed **********
2024-12-09 23:21:56 [main] INFO  api.test.UserTests -
					************* Updating user **********
2024-12-09 23:21:59 [main] INFO  api.test.UserTests -
					************* User is updated **********
2024-12-09 23:21:59 [main] INFO  api.test.UserTests -
					************* Deleting user **********
2024-12-09 23:22:01 [main] INFO  api.test.UserTests -
					************* User is deleted **********
2024-12-09 23:34:43 [main] INFO  api.test.UserTests -
					************* Creating User **********
2024-12-09 23:34:46 [main] INFO  api.test.UserTests -
					************* User is created **********
2024-12-09 23:34:46 [main] INFO  api.test.UserTests -
					************* Reading User info **********
2024-12-09 23:34:47 [main] INFO  api.test.UserTests -
					************* User info is displayed **********
2024-12-09 23:34:47 [main] INFO  api.test.UserTests -
					************* Updating user **********
2024-12-09 23:34:50 [main] INFO  api.test.UserTests -
					************* User is updated **********
2024-12-09 23:34:50 [main] INFO  api.test.UserTests -
					************* Deleting user **********
2024-12-09 23:34:52 [main] INFO  api.test.UserTests -
					************* User is deleted **********
2024-12-09 23:45:45 [main] INFO  api.test.UserTests -
					************* Creating User **********
2024-12-09 23:45:48 [main] INFO  api.test.UserTests -
					************* User is created **********
2024-12-09 23:45:48 [main] INFO  api.test.UserTests -
					************* Reading User info **********
2024-12-09 23:45:49 [main] INFO  api.test.UserTests -
					************* User info is displayed **********
2024-12-09 23:45:49 [main] INFO  api.test.UserTests -
					************* Updating user **********
2024-12-09 23:45:52 [main] INFO  api.test.UserTests -
					************* User is updated **********
2024-12-09 23:45:52 [main] INFO  api.test.UserTests -
					************* Deleting user **********
2024-12-09 23:45:54 [main] INFO  api.test.UserTests -
					************* User is deleted **********
2024-12-09 23:47:09 [main] INFO  api.test.UserTests -
					************* Creating User **********
2024-12-09 23:47:11 [main] INFO  api.test.UserTests -
					************* User is created **********
2024-12-09 23:47:11 [main] INFO  api.test.UserTests -
					************* Reading User info **********
2024-12-09 23:47:14 [main] INFO  api.test.UserTests -
					************* User info is displayed **********
2024-12-09 23:47:14 [main] INFO  api.test.UserTests -
					************* Updating user **********
2024-12-09 23:47:17 [main] INFO  api.test.UserTests -
					************* User is updated **********
2024-12-09 23:47:17 [main] INFO  api.test.UserTests -
					************* Deleting user **********
2024-12-09 23:47:19 [main] INFO  api.test.UserTests -
					************* User is deleted **********
2024-12-09 23:48:34 [main] INFO  api.test.UserTests -
					************* Creating User **********
2024-12-09 23:48:37 [main] INFO  api.test.UserTests -
					************* User is created **********
2024-12-09 23:48:37 [main] INFO  api.test.UserTests -
					************* Reading User info **********
2024-12-09 23:48:38 [main] INFO  api.test.UserTests -
					************* User info is displayed **********
2024-12-09 23:48:38 [main] INFO  api.test.UserTests -
					************* Updating user **********
2024-12-09 23:48:42 [main] INFO  api.test.UserTests -
					************* User is updated **********
2024-12-09 23:48:42 [main] INFO  api.test.UserTests -
					************* Deleting user **********
2024-12-09 23:48:43 [main] INFO  api.test.UserTests -
					************* User is deleted **********
2024-12-10 00:13:34 [main] INFO  api.test.UserTests -
					************* Creating User **********
2024-12-10 00:13:37 [main] INFO  api.test.UserTests -
					************* User is created **********
2024-12-10 00:13:37 [main] INFO  api.test.UserTests -
					************* Reading User info **********
2024-12-10 00:13:40 [main] INFO  api.test.UserTests -
					************* User info is displayed **********
2024-12-10 00:13:40 [main] INFO  api.test.UserTests -
					************* Updating user **********
2024-12-10 00:13:43 [main] INFO  api.test.UserTests -
					************* User is updated **********
2024-12-10 00:13:43 [main] INFO  api.test.UserTests -
					************* Deleting user **********
2024-12-10 00:13:45 [main] INFO  api.test.UserTests -
					************* User is deleted **********
